#
# There is insufficient memory for the Java Runtime Environment to continue.
# Native memory allocation (mmap) failed to map 274790678528 bytes for committing reserved memory.
# Possible reasons:
#   The system is out of physical RAM or swap space
#   In 32 bit mode, the process size limit was hit
# Possible solutions:
#   Reduce memory load on the system
#   Increase physical memory or swap space
#   Check if swap backing store is full
#   Use 64 bit Java on a 64 bit OS
#   Decrease Java heap size (-Xmx/-Xms)
#   Decrease number of Java threads
#   Decrease Java thread stack sizes (-Xss)
#   Set larger code cache with -XX:ReservedCodeCacheSize=
# This output file may be truncated or incomplete.
#
#  Out of Memory Error (os_linux.cpp:2651), pid=20289, tid=0x00007f1b38de1700
#
# JRE version:  (8.0_131-b11) (build )
# Java VM: OpenJDK 64-Bit Server VM (25.131-b11 mixed mode linux-amd64 )
# Failed to write core dump. Core dumps have been disabled. To enable core dumping, try "ulimit -c unlimited" before starting Java again
#

---------------  T H R E A D  ---------------

Current thread (0x00007f1b3000a800):  JavaThread "Unknown thread" [_thread_in_vm, id=20315, stack(0x00007f1b38ce1000,0x00007f1b38de2000)]

Stack: [0x00007f1b38ce1000,0x00007f1b38de2000],  sp=0x00007f1b38de0310,  free space=1020k
Native frames: (J=compiled Java code, j=interpreted, Vv=VM code, C=native code)
V  [libjvm.so+0xa389ad]
V  [libjvm.so+0x4d9d29]
V  [libjvm.so+0x8a6c93]
V  [libjvm.so+0x8a6f69]
V  [libjvm.so+0x8a010a]
V  [libjvm.so+0xa354c8]
V  [libjvm.so+0x5c69d9]
V  [libjvm.so+0x4be0ae]
V  [libjvm.so+0x5c76e9]
V  [libjvm.so+0x5b6cc6]
V  [libjvm.so+0xa02f71]
V  [libjvm.so+0xa04023]
V  [libjvm.so+0x604e05]
V  [libjvm.so+0x9ea707]
V  [libjvm.so+0x66a361]  JNI_CreateJavaVM+0x71
C  [libjli.so+0x3557]
C  [libpthread.so.0+0x7aa1]  start_thread+0xd1


---------------  P R O C E S S  ---------------

Java Threads: ( => current thread )

Other Threads:

=>0x00007f1b3000a800 (exited) JavaThread "Unknown thread" [_thread_in_vm, id=20315, stack(0x00007f1b38ce1000,0x00007f1b38de2000)]

VM state:not at safepoint (not fully initialized)

VM Mutex/Monitor currently owned by a thread: None

GC Heap History (0 events):
No events

Deoptimization events (0 events):
No events

Internal exceptions (0 events):
No events

Events (0 events):
No events


Dynamic libraries:
00400000-00401000 r-xp 00000000 08:00 140491                             /usr/lib/jvm/java-1.8.0-openjdk-1.8.0.131-0.b11.el6_9.x86_64/bin/java
00600000-00601000 rw-p 00000000 08:00 140491                             /usr/lib/jvm/java-1.8.0-openjdk-1.8.0.131-0.b11.el6_9.x86_64/bin/java
006ee000-0070f000 rw-p 00000000 00:00 0                                  [heap]
7edafc000000-7edafc021000 rw-p 00000000 00:00 0 
7edafc021000-7edb00000000 ---p 00000000 00:00 0 
7edb00fff000-7edb01029000 rw-p 00000000 00:00 0 
7edb01029000-7edb20fff000 ---p 00000000 00:00 0 
7edb20fff000-7edb26330000 rw-p 00000000 00:00 0 
7f1b21000000-7f1b21270000 rwxp 00000000 00:00 0 
7f1b21270000-7f1b30000000 ---p 00000000 00:00 0 
7f1b30000000-7f1b30034000 rw-p 00000000 00:00 0 
7f1b30034000-7f1b34000000 ---p 00000000 00:00 0 
7f1b3590d000-7f1b35a0e000 rw-p 00000000 00:00 0 
7f1b35a0e000-7f1b35a0f000 ---p 00000000 00:00 0 
7f1b35a0f000-7f1b35b19000 rw-p 00000000 00:00 0 
7f1b35b19000-7f1b35ecf000 ---p 00000000 00:00 0 
7f1b35ecf000-7f1b35ed7000 r-xp 00000000 08:00 140171                     /usr/lib/jvm/java-1.8.0-openjdk-1.8.0.131-0.b11.el6_9.x86_64/jre/lib/amd64/libzip.so
7f1b35ed7000-7f1b360d6000 ---p 00008000 08:00 140171                     /usr/lib/jvm/java-1.8.0-openjdk-1.8.0.131-0.b11.el6_9.x86_64/jre/lib/amd64/libzip.so
7f1b360d6000-7f1b360d7000 rw-p 00007000 08:00 140171                     /usr/lib/jvm/java-1.8.0-openjdk-1.8.0.131-0.b11.el6_9.x86_64/jre/lib/amd64/libzip.so
7f1b360d7000-7f1b360e4000 r-xp 00000000 08:00 24639                      /lib64/libnss_files-2.12.so
7f1b360e4000-7f1b362e3000 ---p 0000d000 08:00 24639                      /lib64/libnss_files-2.12.so
7f1b362e3000-7f1b362e4000 r--p 0000c000 08:00 24639                      /lib64/libnss_files-2.12.so
7f1b362e4000-7f1b362e5000 rw-p 0000d000 08:00 24639                      /lib64/libnss_files-2.12.so
7f1b362e5000-7f1b3630f000 r-xp 00000000 08:00 140153                     /usr/lib/jvm/java-1.8.0-openjdk-1.8.0.131-0.b11.el6_9.x86_64/jre/lib/amd64/libjava.so
7f1b3630f000-7f1b3650f000 ---p 0002a000 08:00 140153                     /usr/lib/jvm/java-1.8.0-openjdk-1.8.0.131-0.b11.el6_9.x86_64/jre/lib/amd64/libjava.so
7f1b3650f000-7f1b36511000 rw-p 0002a000 08:00 140153                     /usr/lib/jvm/java-1.8.0-openjdk-1.8.0.131-0.b11.el6_9.x86_64/jre/lib/amd64/libjava.so
7f1b36511000-7f1b3651f000 r-xp 00000000 08:00 140170                     /usr/lib/jvm/java-1.8.0-openjdk-1.8.0.131-0.b11.el6_9.x86_64/jre/lib/amd64/libverify.so
7f1b3651f000-7f1b3671e000 ---p 0000e000 08:00 140170                     /usr/lib/jvm/java-1.8.0-openjdk-1.8.0.131-0.b11.el6_9.x86_64/jre/lib/amd64/libverify.so
7f1b3671e000-7f1b36720000 rw-p 0000d000 08:00 140170                     /usr/lib/jvm/java-1.8.0-openjdk-1.8.0.131-0.b11.el6_9.x86_64/jre/lib/amd64/libverify.so
7f1b36720000-7f1b36727000 r-xp 00000000 08:00 24655                      /lib64/librt-2.12.so
7f1b36727000-7f1b36926000 ---p 00007000 08:00 24655                      /lib64/librt-2.12.so
7f1b36926000-7f1b36927000 r--p 00006000 08:00 24655                      /lib64/librt-2.12.so
7f1b36927000-7f1b36928000 rw-p 00007000 08:00 24655                      /lib64/librt-2.12.so
7f1b36928000-7f1b3693e000 r-xp 00000000 08:00 24997                      /lib64/libgcc_s-4.4.7-20120601.so.1
7f1b3693e000-7f1b36b3d000 ---p 00016000 08:00 24997                      /lib64/libgcc_s-4.4.7-20120601.so.1
7f1b36b3d000-7f1b36b3e000 rw-p 00015000 08:00 24997                      /lib64/libgcc_s-4.4.7-20120601.so.1
7f1b36b3e000-7f1b36bc1000 r-xp 00000000 08:00 24595                      /lib64/libm-2.12.so
7f1b36bc1000-7f1b36dc0000 ---p 00083000 08:00 24595                      /lib64/libm-2.12.so
7f1b36dc0000-7f1b36dc1000 r--p 00082000 08:00 24595                      /lib64/libm-2.12.so
7f1b36dc1000-7f1b36dc2000 rw-p 00083000 08:00 24595                      /lib64/libm-2.12.so
7f1b36dc2000-7f1b36eaa000 r-xp 00000000 08:00 176                        /usr/lib64/libstdc++.so.6.0.13
7f1b36eaa000-7f1b370aa000 ---p 000e8000 08:00 176                        /usr/lib64/libstdc++.so.6.0.13
7f1b370aa000-7f1b370b1000 r--p 000e8000 08:00 176                        /usr/lib64/libstdc++.so.6.0.13
7f1b370b1000-7f1b370b3000 rw-p 000ef000 08:00 176                        /usr/lib64/libstdc++.so.6.0.13
7f1b370b3000-7f1b370c8000 rw-p 00000000 00:00 0 
7f1b370c8000-7f1b37cfd000 r-xp 00000000 08:00 140175                     /usr/lib/jvm/java-1.8.0-openjdk-1.8.0.131-0.b11.el6_9.x86_64/jre/lib/amd64/server/libjvm.so
7f1b37cfd000-7f1b37efd000 ---p 00c35000 08:00 140175                     /usr/lib/jvm/java-1.8.0-openjdk-1.8.0.131-0.b11.el6_9.x86_64/jre/lib/amd64/server/libjvm.so
7f1b37efd000-7f1b37fcb000 rw-p 00c35000 08:00 140175                     /usr/lib/jvm/java-1.8.0-openjdk-1.8.0.131-0.b11.el6_9.x86_64/jre/lib/amd64/server/libjvm.so
7f1b37fcb000-7f1b37ffb000 rw-p 00000000 00:00 0 
7f1b37ffb000-7f1b38185000 r-xp 00000000 08:00 24582                      /lib64/libc-2.12.so
7f1b38185000-7f1b38385000 ---p 0018a000 08:00 24582                      /lib64/libc-2.12.so
7f1b38385000-7f1b38389000 r--p 0018a000 08:00 24582                      /lib64/libc-2.12.so
7f1b38389000-7f1b3838b000 rw-p 0018e000 08:00 24582                      /lib64/libc-2.12.so
7f1b3838b000-7f1b3838f000 rw-p 00000000 00:00 0 
7f1b3838f000-7f1b38391000 r-xp 00000000 08:00 24593                      /lib64/libdl-2.12.so
7f1b38391000-7f1b38591000 ---p 00002000 08:00 24593                      /lib64/libdl-2.12.so
7f1b38591000-7f1b38592000 r--p 00002000 08:00 24593                      /lib64/libdl-2.12.so
7f1b38592000-7f1b38593000 rw-p 00003000 08:00 24593                      /lib64/libdl-2.12.so
7f1b38593000-7f1b385a1000 r-xp 00000000 08:00 140540                     /usr/lib/jvm/java-1.8.0-openjdk-1.8.0.131-0.b11.el6_9.x86_64/lib/amd64/jli/libjli.so
7f1b385a1000-7f1b387a0000 ---p 0000e000 08:00 140540                     /usr/lib/jvm/java-1.8.0-openjdk-1.8.0.131-0.b11.el6_9.x86_64/lib/amd64/jli/libjli.so
7f1b387a0000-7f1b387a1000 rw-p 0000d000 08:00 140540                     /usr/lib/jvm/java-1.8.0-openjdk-1.8.0.131-0.b11.el6_9.x86_64/lib/amd64/jli/libjli.so
7f1b387a1000-7f1b387b6000 r-xp 00000000 08:00 24768                      /lib64/libz.so.1.2.3
7f1b387b6000-7f1b389b5000 ---p 00015000 08:00 24768                      /lib64/libz.so.1.2.3
7f1b389b5000-7f1b389b6000 r--p 00014000 08:00 24768                      /lib64/libz.so.1.2.3
7f1b389b6000-7f1b389b7000 rw-p 00015000 08:00 24768                      /lib64/libz.so.1.2.3
7f1b389b7000-7f1b389ce000 r-xp 00000000 08:00 24643                      /lib64/libpthread-2.12.so
7f1b389ce000-7f1b38bce000 ---p 00017000 08:00 24643                      /lib64/libpthread-2.12.so
7f1b38bce000-7f1b38bcf000 r--p 00017000 08:00 24643                      /lib64/libpthread-2.12.so
7f1b38bcf000-7f1b38bd0000 rw-p 00018000 08:00 24643                      /lib64/libpthread-2.12.so
7f1b38bd0000-7f1b38bd4000 rw-p 00000000 00:00 0 
7f1b38bd4000-7f1b38bf4000 r-xp 00000000 08:00 25002                      /lib64/ld-2.12.so
7f1b38cdf000-7f1b38ce1000 rw-p 00000000 00:00 0 
7f1b38ce1000-7f1b38ce4000 ---p 00000000 00:00 0 
7f1b38ce4000-7f1b38de8000 rw-p 00000000 00:00 0 
7f1b38de8000-7f1b38df0000 rw-s 00000000 08:00 1450522                    /tmp/hsperfdata_root/20289
7f1b38df0000-7f1b38df1000 rw-p 00000000 00:00 0 
7f1b38df1000-7f1b38df2000 r--p 00000000 00:00 0 
7f1b38df2000-7f1b38df3000 rw-p 00000000 00:00 0 
7f1b38df3000-7f1b38df5000 r--p 0001f000 08:00 25002                      /lib64/ld-2.12.so
7f1b38df5000-7f1b38df6000 rw-p 00021000 08:00 25002                      /lib64/ld-2.12.so
7f1b38df6000-7f1b38df7000 rw-p 00000000 00:00 0 
7ffe684f1000-7ffe68512000 rw-p 00000000 00:00 0                          [stack]
7ffe68521000-7ffe68523000 r--p 00000000 00:00 0                          [vvar]
7ffe68523000-7ffe68525000 r-xp 00000000 00:00 0                          [vdso]
ffffffffff600000-ffffffffff601000 r-xp 00000000 00:00 0                  [vsyscall]

VM Arguments:
jvm_args: -Xms256g -Xmx256g -XX:+UseConcMarkSweepGC -XX:CMSInitiatingOccupancyFraction=75 -XX:+UseCMSInitiatingOccupancyOnly -XX:+DisableExplicitGC -XX:+AlwaysPreTouch -Xss1m -Djava.awt.headless=true -Dfile.encoding=UTF-8 -Djna.nosys=true -Djdk.io.permissionsUseCanonicalPath=true -Dio.netty.noUnsafe=true -Dio.netty.noKeySetOptimization=true -Dio.netty.recycler.maxCapacityPerThread=0 -Dlog4j.shutdownHookEnabled=false -Dlog4j2.disable.jmx=true -Dlog4j.skipJansi=true -XX:+HeapDumpOnOutOfMemoryError -Des.path.home=/etc/elasticsearch-5.3.2 
java_command: org.elasticsearch.bootstrap.Elasticsearch
java_class_path (initial): /etc/elasticsearch-5.3.2/lib/elasticsearch-5.3.2.jar:/etc/elasticsearch-5.3.2/lib/jackson-dataformat-smile-2.8.6.jar:/etc/elasticsearch-5.3.2/lib/jts-1.13.jar:/etc/elasticsearch-5.3.2/lib/lucene-queries-6.4.2.jar:/etc/elasticsearch-5.3.2/lib/lucene-backward-codecs-6.4.2.jar:/etc/elasticsearch-5.3.2/lib/log4j-core-2.7.jar:/etc/elasticsearch-5.3.2/lib/lucene-memory-6.4.2.jar:/etc/elasticsearch-5.3.2/lib/lucene-highlighter-6.4.2.jar:/etc/elasticsearch-5.3.2/lib/jna-4.2.2.jar:/etc/elasticsearch-5.3.2/lib/lucene-grouping-6.4.2.jar:/etc/elasticsearch-5.3.2/lib/snakeyaml-1.15.jar:/etc/elasticsearch-5.3.2/lib/lucene-sandbox-6.4.2.jar:/etc/elasticsearch-5.3.2/lib/lucene-analyzers-common-6.4.2.jar:/etc/elasticsearch-5.3.2/lib/lucene-core-6.4.2.jar:/etc/elasticsearch-5.3.2/lib/java-version-checker-5.3.2.jar:/etc/elasticsearch-5.3.2/lib/log4j-api-2.7.jar:/etc/elasticsearch-5.3.2/lib/lucene-spatial3d-6.4.2.jar:/etc/elasticsearch-5.3.2/lib/jackson-dataformat-yaml-2.8.6.jar:/etc/elasticsearch-5.3.2/lib/jackson-core-2.8.6.jar:/etc/elasticsearch-5.3.2/lib/lucene-join-6.4.2.jar:/etc/elasticsearch-5.3.2/lib/hppc-0.7.1.jar:/etc/elasticsearch-5.3.2/lib/securesm-1.1.jar:/etc/elasticsearch-5.3.2/lib/t-digest-3.0.jar:/etc/elasticsearch-5.3.2/lib/elasticsearch-5.3.2.jar:/etc/elasticsearch-5.3.2/lib/joda-time-2.9.5.jar:/etc/elasticsearch-5.3.2/lib/spatial4j-0.6.jar:/etc/elasticsearch-5.3.2/lib/jackson-dataformat-cbor-2.8.6.jar:/etc/elasticsearch-5.3.2/lib/lucene-queryparser-6.4.2.jar:/etc/elasticsearch-5.3.2/lib/jopt-simple-5.0.2.jar:/etc/elasticsearch-5.3.2/lib/HdrHistogram-2.1.6.jar:/etc/elasticsearch-5.3.2/lib/lucene-spatial-extras-6.4.2.jar:/etc/elasticsearch-5.3.2/lib/lucene-suggest-6.4.2.jar:/etc/elasticsearch-5.3.2/lib/log4j-1.2-api-2.7.jar:/etc/elasticsearch-5.3.2/lib/lucene-misc-6.4.2.jar:/etc/elasticsearch-5.3.2/lib/lucene-spatial-6.4.2.jar
Launcher Type: SUN_STANDARD

Environment Variables:
JAVA_HOME=/usr/lib/jvm/java-1.8.0-openjdk-1.8.0.131-0.b11.el6_9.x86_64/
PATH=/usr/local/sbin:/usr/local/bin:/sbin:/bin:/usr/sbin:/usr/bin:/root/bin
SHELL=/bin/bash

Signal Handlers:
SIGSEGV: [libjvm.so+0xa393c0], sa_mask[0]=11111111011111111101111111111110, sa_flags=SA_RESTART|SA_SIGINFO
SIGBUS: [libjvm.so+0xa393c0], sa_mask[0]=11111111011111111101111111111110, sa_flags=SA_RESTART|SA_SIGINFO
SIGFPE: [libjvm.so+0x8a35e0], sa_mask[0]=11111111011111111101111111111110, sa_flags=SA_RESTART|SA_SIGINFO
SIGPIPE: [libjvm.so+0x8a35e0], sa_mask[0]=11111111011111111101111111111110, sa_flags=SA_RESTART|SA_SIGINFO
SIGXFSZ: [libjvm.so+0x8a35e0], sa_mask[0]=11111111011111111101111111111110, sa_flags=SA_RESTART|SA_SIGINFO
SIGILL: [libjvm.so+0x8a35e0], sa_mask[0]=11111111011111111101111111111110, sa_flags=SA_RESTART|SA_SIGINFO
SIGUSR1: SIG_DFL, sa_mask[0]=00000000000000000000000000000000, sa_flags=none
SIGUSR2: [libjvm.so+0x8a4d60], sa_mask[0]=00000000000000000000000000000000, sa_flags=SA_RESTART|SA_SIGINFO
SIGHUP: SIG_DFL, sa_mask[0]=00000000000000000000000000000000, sa_flags=none
SIGINT: SIG_DFL, sa_mask[0]=00000000000000000000000000000000, sa_flags=none
SIGTERM: SIG_DFL, sa_mask[0]=00000000000000000000000000000000, sa_flags=none
SIGQUIT: SIG_DFL, sa_mask[0]=00000000000000000000000000000000, sa_flags=none


---------------  S Y S T E M  ---------------

OS:CentOS release 6.9 (Final)

uname:Linux 4.9.7-x86_64-linode80 #2 SMP Thu Feb 2 15:43:55 EST 2017 x86_64
libc:glibc 2.12 NPTL 2.12 
rlimit: STACK 8192k, CORE 0k, NPROC 7966, NOFILE 4096, AS infinity
load average:0.03 0.01 0.00

/proc/meminfo:
MemTotal:        2044912 kB
MemFree:           37948 kB
MemAvailable:     820852 kB
Buffers:          268952 kB
Cached:           363560 kB
SwapCached:          140 kB
Active:           944576 kB
Inactive:         786244 kB
Active(anon):     596564 kB
Inactive(anon):   501892 kB
Active(file):     348012 kB
Inactive(file):   284352 kB
Unevictable:           0 kB
Mlocked:               0 kB
SwapTotal:        262140 kB
SwapFree:         229720 kB
Dirty:               228 kB
Writeback:             0 kB
AnonPages:       1098196 kB
Mapped:            42456 kB
Shmem:               128 kB
Slab:             208028 kB
SReclaimable:     183696 kB
SUnreclaim:        24332 kB
KernelStack:        5312 kB
PageTables:         9196 kB
NFS_Unstable:          0 kB
Bounce:                0 kB
WritebackTmp:          0 kB
CommitLimit:     1284596 kB
Committed_AS:    1636988 kB
VmallocTotal:   34359738367 kB
VmallocUsed:           0 kB
VmallocChunk:          0 kB
DirectMap4k:       14200 kB
DirectMap2M:     2082816 kB
DirectMap1G:           0 kB


CPU:total 1 (initial active 1) (1 cores per cpu, 1 threads per core) family 6 model 79 stepping 1, cmov, cx8, fxsr, mmx, sse, sse2, sse3, ssse3, sse4.1, sse4.2, popcnt, avx, avx2, aes, clmul, erms, rtm, 3dnowpref, lzcnt, tsc, bmi1, bmi2, adx

/proc/cpuinfo:
processor	: 0
vendor_id	: GenuineIntel
cpu family	: 6
model		: 79
model name	: Intel(R) Xeon(R) CPU E5-2697 v4 @ 2.30GHz
stepping	: 1
microcode	: 0x1
cpu MHz		: 2299.978
cache size	: 4096 KB
physical id	: 0
siblings	: 1
core id		: 0
cpu cores	: 1
apicid		: 0
initial apicid	: 0
fpu		: yes
fpu_exception	: yes
cpuid level	: 13
wp		: yes
flags		: fpu vme de pse tsc msr pae mce cx8 apic sep mtrr pge mca cmov pat pse36 clflush mmx fxsr sse sse2 ss syscall nx pdpe1gb rdtscp lm constant_tsc arch_perfmon rep_good nopl eagerfpu pni pclmulqdq ssse3 fma cx16 pcid sse4_1 sse4_2 x2apic movbe popcnt tsc_deadline_timer aes xsave avx f16c rdrand hypervisor lahf_lm abm 3dnowprefetch fsgsbase tsc_adjust bmi1 hle avx2 smep bmi2 erms invpcid rtm rdseed adx smap xsaveopt arat
bugs		:
bogomips	: 4601.62
clflush size	: 64
cache_alignment	: 64
address sizes	: 40 bits physical, 48 bits virtual
power management:



Memory: 4k page, physical 2044912k(37948k free), swap 262140k(229720k free)

vm_info: OpenJDK 64-Bit Server VM (25.131-b11) for linux-amd64 JRE (1.8.0_131-b11), built on Apr 20 2017 20:30:49 by "mockbuild" with gcc 4.4.7 20120313 (Red Hat 4.4.7-18)

time: Sun Apr 30 05:27:17 2017
elapsed time: 0 seconds (0d 0h 0m 0s)

